<?xml version="1.0" encoding="UTF-8"?>
<TestRun id="7cab68a2-6d75-4351-80a5-88da60757567" name="EPS@clL04A-9 2013-12-04 11:26:51" runUser="clL04A-9\EPS" xmlns="http://microsoft.com/schemas/VisualStudio/TeamTest/2010">
  <TestSettings name="Local" id="21b3f13a-1a3c-444b-811b-e3a6a1dbe648">
    <Description>Esta es la configuración de pruebas predeterminada para una ejecución de pruebas local.</Description>
    <Deployment enabled="false" runDeploymentRoot="EPS_clL04A-9 2013-12-04 11_26_51">
      <DeploymentItem filename="E:\Master\PCC - Puebas de control y desarrollo\VS2010 - MSTest\ProyectoDePruebaDeCajaNegra\ProyectoDePrueba\TriangleDetector.dll" />
      <DeploymentItem filename="E:\Master\PCC - Puebas de control y desarrollo\VS2010 - MSTest\ProyectoDePruebaDeCajaNegra\packages\NUnit.2.6.3\lib\nunit.framework.dll" />
      <DeploymentItem filename="E:\Master\PCC - Puebas de control y desarrollo\VS2010 - MSTest\ProyectoDePruebaDeCajaNegra\packages\SpecFlow.1.9.0\lib\net35\TechTalk.SpecFlow.dll" />
    </Deployment>
    <Execution>
      <TestTypeSpecific />
      <AgentRule name="Execution Agents">
      </AgentRule>
    </Execution>
  </TestSettings>
  <Times creation="2013-12-04T11:26:51.5156250+01:00" queuing="2013-12-04T11:26:51.6250000+01:00" start="2013-12-04T11:26:51.6250000+01:00" finish="2013-12-04T11:26:52.2812500+01:00" />
  <ResultSummary outcome="Failed">
    <Counters total="24" executed="24" passed="5" error="0" failed="10" timeout="0" aborted="0" inconclusive="9" passedButRunAborted="0" notRunnable="0" notExecuted="0" disconnected="0" warning="0" completed="0" inProgress="0" pending="0" />
  </ResultSummary>
  <TestDefinitions>
    <UnitTest name="SiLosLadosSonDiferentes" storage="e:\master\pcc - puebas de control y desarrollo\vs2010 - mstest\proyectodepruebadecajanegra\proyectodeprueba\bin\debug\proyectodeprueba.dll" id="10208aa5-00d8-d3ff-2c98-429f9be55ef4">
      <Description>si los lados son diferentes</Description>
      <Execution id="561be618-4a6d-4a1e-a5ec-9702476d8109" />
      <Properties>
        <Property>
          <Key>FeatureTitle</Key>
          <Value>Triangle_detector</Value>
        </Property>
      </Properties>
      <TestMethod codeBase="E:/Master/PCC - Puebas de control y desarrollo/VS2010 - MSTest/ProyectoDePruebaDeCajaNegra/ProyectoDePrueba/bin/Debug/ProyectoDePrueba.DLL" adapterTypeName="Microsoft.VisualStudio.TestTools.TestTypes.Unit.UnitTestAdapter, Microsoft.VisualStudio.QualityTools.Tips.UnitTest.Adapter, Version=10.0.0.0, Culture=neutral, PublicKeyToken=b03f5f7f11d50a3a" className="ProyectoDePrueba.Triangle_DetectorFeature, ProyectoDePrueba, Version=1.0.0.0, Culture=neutral, PublicKeyToken=null" name="SiLosLadosSonDiferentes" />
    </UnitTest>
    <UnitTest name="Prueba_EsTriangulo4" storage="e:\master\pcc - puebas de control y desarrollo\vs2010 - mstest\proyectodepruebadecajanegra\proyectodeprueba\bin\debug\proyectodeprueba.dll" id="cf23e9dd-309e-92fe-c3c9-c080354d22b2">
      <Execution id="7994419d-a947-4d8d-95d2-131b46ed2536" />
      <TestMethod codeBase="E:/Master/PCC - Puebas de control y desarrollo/VS2010 - MSTest/ProyectoDePruebaDeCajaNegra/ProyectoDePrueba/bin/Debug/ProyectoDePrueba.DLL" adapterTypeName="Microsoft.VisualStudio.TestTools.TestTypes.Unit.UnitTestAdapter, Microsoft.VisualStudio.QualityTools.Tips.UnitTest.Adapter, Version=10.0.0.0, Culture=neutral, PublicKeyToken=b03f5f7f11d50a3a" className="ProyectoDePrueba.Prueba_TriangleDetector, ProyectoDePrueba, Version=1.0.0.0, Culture=neutral, PublicKeyToken=null" name="Prueba_EsTriangulo4" />
    </UnitTest>
    <UnitTest name="Prueba_EsTriangulo15" storage="e:\master\pcc - puebas de control y desarrollo\vs2010 - mstest\proyectodepruebadecajanegra\proyectodeprueba\bin\debug\proyectodeprueba.dll" id="f57e65be-94e7-0b53-634c-d6035e3fc71c">
      <Execution id="db0668c9-306f-411e-81c4-8a9f0658619a" />
      <TestMethod codeBase="E:/Master/PCC - Puebas de control y desarrollo/VS2010 - MSTest/ProyectoDePruebaDeCajaNegra/ProyectoDePrueba/bin/Debug/ProyectoDePrueba.DLL" adapterTypeName="Microsoft.VisualStudio.TestTools.TestTypes.Unit.UnitTestAdapter, Microsoft.VisualStudio.QualityTools.Tips.UnitTest.Adapter, Version=10.0.0.0, Culture=neutral, PublicKeyToken=b03f5f7f11d50a3a" className="ProyectoDePrueba.Prueba_TriangleDetector, ProyectoDePrueba, Version=1.0.0.0, Culture=neutral, PublicKeyToken=null" name="Prueba_EsTriangulo15" />
    </UnitTest>
    <UnitTest name="SiSoloDosLadosSonNegativos" storage="e:\master\pcc - puebas de control y desarrollo\vs2010 - mstest\proyectodepruebadecajanegra\proyectodeprueba\bin\debug\proyectodeprueba.dll" id="0df197d2-a3f6-3d0b-b86d-a8cf76a266d0">
      <Description>si solo dos lados son negativos</Description>
      <Execution id="cb6065aa-d9e7-4bdd-92e0-e99c31584b1f" />
      <Properties>
        <Property>
          <Key>FeatureTitle</Key>
          <Value>Triangle_detector</Value>
        </Property>
      </Properties>
      <TestMethod codeBase="E:/Master/PCC - Puebas de control y desarrollo/VS2010 - MSTest/ProyectoDePruebaDeCajaNegra/ProyectoDePrueba/bin/Debug/ProyectoDePrueba.DLL" adapterTypeName="Microsoft.VisualStudio.TestTools.TestTypes.Unit.UnitTestAdapter, Microsoft.VisualStudio.QualityTools.Tips.UnitTest.Adapter, Version=10.0.0.0, Culture=neutral, PublicKeyToken=b03f5f7f11d50a3a" className="ProyectoDePrueba.Triangle_DetectorFeature, ProyectoDePrueba, Version=1.0.0.0, Culture=neutral, PublicKeyToken=null" name="SiSoloDosLadosSonNegativos" />
    </UnitTest>
    <UnitTest name="SiDosDeSusLadosSonDiferentes" storage="e:\master\pcc - puebas de control y desarrollo\vs2010 - mstest\proyectodepruebadecajanegra\proyectodeprueba\bin\debug\proyectodeprueba.dll" id="079a6416-71d2-4ac9-d1fd-5e030811a3aa">
      <Description>si dos de sus lados son diferentes</Description>
      <Execution id="5237f754-fb07-4bb8-a925-28b837317e50" />
      <Properties>
        <Property>
          <Key>FeatureTitle</Key>
          <Value>Triangle_detector</Value>
        </Property>
      </Properties>
      <TestMethod codeBase="E:/Master/PCC - Puebas de control y desarrollo/VS2010 - MSTest/ProyectoDePruebaDeCajaNegra/ProyectoDePrueba/bin/Debug/ProyectoDePrueba.DLL" adapterTypeName="Microsoft.VisualStudio.TestTools.TestTypes.Unit.UnitTestAdapter, Microsoft.VisualStudio.QualityTools.Tips.UnitTest.Adapter, Version=10.0.0.0, Culture=neutral, PublicKeyToken=b03f5f7f11d50a3a" className="ProyectoDePrueba.Triangle_DetectorFeature, ProyectoDePrueba, Version=1.0.0.0, Culture=neutral, PublicKeyToken=null" name="SiDosDeSusLadosSonDiferentes" />
    </UnitTest>
    <UnitTest name="Prueba_EsTriangulo5" storage="e:\master\pcc - puebas de control y desarrollo\vs2010 - mstest\proyectodepruebadecajanegra\proyectodeprueba\bin\debug\proyectodeprueba.dll" id="1857a141-fc60-2354-3193-9e8d48781fa3">
      <Execution id="fc1c3c36-0bb3-4981-a443-56124956f97e" />
      <TestMethod codeBase="E:/Master/PCC - Puebas de control y desarrollo/VS2010 - MSTest/ProyectoDePruebaDeCajaNegra/ProyectoDePrueba/bin/Debug/ProyectoDePrueba.DLL" adapterTypeName="Microsoft.VisualStudio.TestTools.TestTypes.Unit.UnitTestAdapter, Microsoft.VisualStudio.QualityTools.Tips.UnitTest.Adapter, Version=10.0.0.0, Culture=neutral, PublicKeyToken=b03f5f7f11d50a3a" className="ProyectoDePrueba.Prueba_TriangleDetector, ProyectoDePrueba, Version=1.0.0.0, Culture=neutral, PublicKeyToken=null" name="Prueba_EsTriangulo5" />
    </UnitTest>
    <UnitTest name="LadosInconclusos" storage="e:\master\pcc - puebas de control y desarrollo\vs2010 - mstest\proyectodepruebadecajanegra\proyectodeprueba\bin\debug\proyectodeprueba.dll" id="9ce18471-95b5-e985-01e9-6acec7ef9ef9">
      <Description>Lados inconclusos</Description>
      <Execution id="4f7b0c58-9465-4b49-9bb0-18902341ee2d" />
      <Properties>
        <Property>
          <Key>FeatureTitle</Key>
          <Value>Triangle_detector</Value>
        </Property>
      </Properties>
      <TestMethod codeBase="E:/Master/PCC - Puebas de control y desarrollo/VS2010 - MSTest/ProyectoDePruebaDeCajaNegra/ProyectoDePrueba/bin/Debug/ProyectoDePrueba.DLL" adapterTypeName="Microsoft.VisualStudio.TestTools.TestTypes.Unit.UnitTestAdapter, Microsoft.VisualStudio.QualityTools.Tips.UnitTest.Adapter, Version=10.0.0.0, Culture=neutral, PublicKeyToken=b03f5f7f11d50a3a" className="ProyectoDePrueba.Triangle_DetectorFeature, ProyectoDePrueba, Version=1.0.0.0, Culture=neutral, PublicKeyToken=null" name="LadosInconclusos" />
    </UnitTest>
    <UnitTest name="Prueba_EsTriangulo11" storage="e:\master\pcc - puebas de control y desarrollo\vs2010 - mstest\proyectodepruebadecajanegra\proyectodeprueba\bin\debug\proyectodeprueba.dll" id="e550d784-9477-315b-5b2a-a50f87ea5b93">
      <Execution id="4856cff3-db01-4729-a5ec-0ddffa339549" />
      <TestMethod codeBase="E:/Master/PCC - Puebas de control y desarrollo/VS2010 - MSTest/ProyectoDePruebaDeCajaNegra/ProyectoDePrueba/bin/Debug/ProyectoDePrueba.DLL" adapterTypeName="Microsoft.VisualStudio.TestTools.TestTypes.Unit.UnitTestAdapter, Microsoft.VisualStudio.QualityTools.Tips.UnitTest.Adapter, Version=10.0.0.0, Culture=neutral, PublicKeyToken=b03f5f7f11d50a3a" className="ProyectoDePrueba.Prueba_TriangleDetector, ProyectoDePrueba, Version=1.0.0.0, Culture=neutral, PublicKeyToken=null" name="Prueba_EsTriangulo11" />
    </UnitTest>
    <UnitTest name="SiLosLadosSonCero" storage="e:\master\pcc - puebas de control y desarrollo\vs2010 - mstest\proyectodepruebadecajanegra\proyectodeprueba\bin\debug\proyectodeprueba.dll" id="60ba6f03-0a08-54f1-e073-09a0aa3d13fe">
      <Description>si los lados son cero</Description>
      <Execution id="14325fcc-41f0-4df5-b0a3-0783b734c167" />
      <Properties>
        <Property>
          <Key>FeatureTitle</Key>
          <Value>Triangle_detector</Value>
        </Property>
      </Properties>
      <TestMethod codeBase="E:/Master/PCC - Puebas de control y desarrollo/VS2010 - MSTest/ProyectoDePruebaDeCajaNegra/ProyectoDePrueba/bin/Debug/ProyectoDePrueba.DLL" adapterTypeName="Microsoft.VisualStudio.TestTools.TestTypes.Unit.UnitTestAdapter, Microsoft.VisualStudio.QualityTools.Tips.UnitTest.Adapter, Version=10.0.0.0, Culture=neutral, PublicKeyToken=b03f5f7f11d50a3a" className="ProyectoDePrueba.Triangle_DetectorFeature, ProyectoDePrueba, Version=1.0.0.0, Culture=neutral, PublicKeyToken=null" name="SiLosLadosSonCero" />
    </UnitTest>
    <UnitTest name="Prueba_EsTriangulo14" storage="e:\master\pcc - puebas de control y desarrollo\vs2010 - mstest\proyectodepruebadecajanegra\proyectodeprueba\bin\debug\proyectodeprueba.dll" id="ef832253-a6a5-308d-4448-99447b717871">
      <Execution id="9abcdc82-0e92-4be2-876f-f6b17dae5e27" />
      <TestMethod codeBase="E:/Master/PCC - Puebas de control y desarrollo/VS2010 - MSTest/ProyectoDePruebaDeCajaNegra/ProyectoDePrueba/bin/Debug/ProyectoDePrueba.DLL" adapterTypeName="Microsoft.VisualStudio.TestTools.TestTypes.Unit.UnitTestAdapter, Microsoft.VisualStudio.QualityTools.Tips.UnitTest.Adapter, Version=10.0.0.0, Culture=neutral, PublicKeyToken=b03f5f7f11d50a3a" className="ProyectoDePrueba.Prueba_TriangleDetector, ProyectoDePrueba, Version=1.0.0.0, Culture=neutral, PublicKeyToken=null" name="Prueba_EsTriangulo14" />
    </UnitTest>
    <UnitTest name="Prueba_EsTriangulo12" storage="e:\master\pcc - puebas de control y desarrollo\vs2010 - mstest\proyectodepruebadecajanegra\proyectodeprueba\bin\debug\proyectodeprueba.dll" id="e6e26bed-50e2-cd0f-6f38-0db97e23cac4">
      <Execution id="c0bca51c-b37f-4914-a187-91f5aaad30e0" />
      <TestMethod codeBase="E:/Master/PCC - Puebas de control y desarrollo/VS2010 - MSTest/ProyectoDePruebaDeCajaNegra/ProyectoDePrueba/bin/Debug/ProyectoDePrueba.DLL" adapterTypeName="Microsoft.VisualStudio.TestTools.TestTypes.Unit.UnitTestAdapter, Microsoft.VisualStudio.QualityTools.Tips.UnitTest.Adapter, Version=10.0.0.0, Culture=neutral, PublicKeyToken=b03f5f7f11d50a3a" className="ProyectoDePrueba.Prueba_TriangleDetector, ProyectoDePrueba, Version=1.0.0.0, Culture=neutral, PublicKeyToken=null" name="Prueba_EsTriangulo12" />
    </UnitTest>
    <UnitTest name="Prueba_EsTriangulo18" storage="e:\master\pcc - puebas de control y desarrollo\vs2010 - mstest\proyectodepruebadecajanegra\proyectodeprueba\bin\debug\proyectodeprueba.dll" id="2eadf1ee-cde2-e639-e9a8-0e1bc8aa5953">
      <Execution id="ccf0af88-db7b-4088-9248-e3907939997f" />
      <TestMethod codeBase="E:/Master/PCC - Puebas de control y desarrollo/VS2010 - MSTest/ProyectoDePruebaDeCajaNegra/ProyectoDePrueba/bin/Debug/ProyectoDePrueba.DLL" adapterTypeName="Microsoft.VisualStudio.TestTools.TestTypes.Unit.UnitTestAdapter, Microsoft.VisualStudio.QualityTools.Tips.UnitTest.Adapter, Version=10.0.0.0, Culture=neutral, PublicKeyToken=b03f5f7f11d50a3a" className="ProyectoDePrueba.Prueba_TriangleDetector, ProyectoDePrueba, Version=1.0.0.0, Culture=neutral, PublicKeyToken=null" name="Prueba_EsTriangulo18" />
    </UnitTest>
    <UnitTest name="Prueba_EsTriangulo16" storage="e:\master\pcc - puebas de control y desarrollo\vs2010 - mstest\proyectodepruebadecajanegra\proyectodeprueba\bin\debug\proyectodeprueba.dll" id="2b751b65-8961-5bac-8043-2e6e6adf1404">
      <Execution id="3212bad1-64e4-43cd-bdf2-e2490535a4f0" />
      <TestMethod codeBase="E:/Master/PCC - Puebas de control y desarrollo/VS2010 - MSTest/ProyectoDePruebaDeCajaNegra/ProyectoDePrueba/bin/Debug/ProyectoDePrueba.DLL" adapterTypeName="Microsoft.VisualStudio.TestTools.TestTypes.Unit.UnitTestAdapter, Microsoft.VisualStudio.QualityTools.Tips.UnitTest.Adapter, Version=10.0.0.0, Culture=neutral, PublicKeyToken=b03f5f7f11d50a3a" className="ProyectoDePrueba.Prueba_TriangleDetector, ProyectoDePrueba, Version=1.0.0.0, Culture=neutral, PublicKeyToken=null" name="Prueba_EsTriangulo16" />
    </UnitTest>
    <UnitTest name="SiDosLadosSonNegativos" storage="e:\master\pcc - puebas de control y desarrollo\vs2010 - mstest\proyectodepruebadecajanegra\proyectodeprueba\bin\debug\proyectodeprueba.dll" id="0ee955cb-e569-7bbe-d0ca-defed9f3466f">
      <Description>si dos lados son negativos</Description>
      <Execution id="1adfe443-099f-4b60-94ff-d21c02c21525" />
      <Properties>
        <Property>
          <Key>FeatureTitle</Key>
          <Value>Triangle_detector</Value>
        </Property>
      </Properties>
      <TestMethod codeBase="E:/Master/PCC - Puebas de control y desarrollo/VS2010 - MSTest/ProyectoDePruebaDeCajaNegra/ProyectoDePrueba/bin/Debug/ProyectoDePrueba.DLL" adapterTypeName="Microsoft.VisualStudio.TestTools.TestTypes.Unit.UnitTestAdapter, Microsoft.VisualStudio.QualityTools.Tips.UnitTest.Adapter, Version=10.0.0.0, Culture=neutral, PublicKeyToken=b03f5f7f11d50a3a" className="ProyectoDePrueba.Triangle_DetectorFeature, ProyectoDePrueba, Version=1.0.0.0, Culture=neutral, PublicKeyToken=null" name="SiDosLadosSonNegativos" />
    </UnitTest>
    <UnitTest name="Prueba_EsTriangulo10" storage="e:\master\pcc - puebas de control y desarrollo\vs2010 - mstest\proyectodepruebadecajanegra\proyectodeprueba\bin\debug\proyectodeprueba.dll" id="7b43bc24-c25d-a421-9bda-93ea43cd1afd">
      <Execution id="d7b555e1-67d4-4d1b-a6d9-f1b80bf2fc11" />
      <TestMethod codeBase="E:/Master/PCC - Puebas de control y desarrollo/VS2010 - MSTest/ProyectoDePruebaDeCajaNegra/ProyectoDePrueba/bin/Debug/ProyectoDePrueba.DLL" adapterTypeName="Microsoft.VisualStudio.TestTools.TestTypes.Unit.UnitTestAdapter, Microsoft.VisualStudio.QualityTools.Tips.UnitTest.Adapter, Version=10.0.0.0, Culture=neutral, PublicKeyToken=b03f5f7f11d50a3a" className="ProyectoDePrueba.Prueba_TriangleDetector, ProyectoDePrueba, Version=1.0.0.0, Culture=neutral, PublicKeyToken=null" name="Prueba_EsTriangulo10" />
    </UnitTest>
    <UnitTest name="SiLosLadosSonIguales" storage="e:\master\pcc - puebas de control y desarrollo\vs2010 - mstest\proyectodepruebadecajanegra\proyectodeprueba\bin\debug\proyectodeprueba.dll" id="10a35410-3079-961b-5083-ed9ef4936f5f">
      <Description>si los lados son iguales</Description>
      <TestCategory>
        <TestCategoryItem TestCategory="mytag" />
      </TestCategory>
      <Execution id="0d4faf63-0533-44a3-a93a-8ee7422af1a6" />
      <Properties>
        <Property>
          <Key>FeatureTitle</Key>
          <Value>Triangle_detector</Value>
        </Property>
      </Properties>
      <TestMethod codeBase="E:/Master/PCC - Puebas de control y desarrollo/VS2010 - MSTest/ProyectoDePruebaDeCajaNegra/ProyectoDePrueba/bin/Debug/ProyectoDePrueba.DLL" adapterTypeName="Microsoft.VisualStudio.TestTools.TestTypes.Unit.UnitTestAdapter, Microsoft.VisualStudio.QualityTools.Tips.UnitTest.Adapter, Version=10.0.0.0, Culture=neutral, PublicKeyToken=b03f5f7f11d50a3a" className="ProyectoDePrueba.Triangle_DetectorFeature, ProyectoDePrueba, Version=1.0.0.0, Culture=neutral, PublicKeyToken=null" name="SiLosLadosSonIguales" />
    </UnitTest>
    <UnitTest name="SiTenemosDosLadosSonNegativos" storage="e:\master\pcc - puebas de control y desarrollo\vs2010 - mstest\proyectodepruebadecajanegra\proyectodeprueba\bin\debug\proyectodeprueba.dll" id="a8f72322-0320-9ea7-908f-b82c8f9286d9">
      <Description>si tenemos dos lados son negativos</Description>
      <Execution id="488e2396-154b-4002-bfb8-8723a01a1fdb" />
      <Properties>
        <Property>
          <Key>FeatureTitle</Key>
          <Value>Triangle_detector</Value>
        </Property>
      </Properties>
      <TestMethod codeBase="E:/Master/PCC - Puebas de control y desarrollo/VS2010 - MSTest/ProyectoDePruebaDeCajaNegra/ProyectoDePrueba/bin/Debug/ProyectoDePrueba.DLL" adapterTypeName="Microsoft.VisualStudio.TestTools.TestTypes.Unit.UnitTestAdapter, Microsoft.VisualStudio.QualityTools.Tips.UnitTest.Adapter, Version=10.0.0.0, Culture=neutral, PublicKeyToken=b03f5f7f11d50a3a" className="ProyectoDePrueba.Triangle_DetectorFeature, ProyectoDePrueba, Version=1.0.0.0, Culture=neutral, PublicKeyToken=null" name="SiTenemosDosLadosSonNegativos" />
    </UnitTest>
    <UnitTest name="SiLosLadosSonNegativos" storage="e:\master\pcc - puebas de control y desarrollo\vs2010 - mstest\proyectodepruebadecajanegra\proyectodeprueba\bin\debug\proyectodeprueba.dll" id="e4e7bed6-6fff-dd03-b020-b5e5d49795b1">
      <Description>si los lados son negativos</Description>
      <Execution id="0c38a1bb-192d-45c7-a896-c669859f939d" />
      <Properties>
        <Property>
          <Key>FeatureTitle</Key>
          <Value>Triangle_detector</Value>
        </Property>
      </Properties>
      <TestMethod codeBase="E:/Master/PCC - Puebas de control y desarrollo/VS2010 - MSTest/ProyectoDePruebaDeCajaNegra/ProyectoDePrueba/bin/Debug/ProyectoDePrueba.DLL" adapterTypeName="Microsoft.VisualStudio.TestTools.TestTypes.Unit.UnitTestAdapter, Microsoft.VisualStudio.QualityTools.Tips.UnitTest.Adapter, Version=10.0.0.0, Culture=neutral, PublicKeyToken=b03f5f7f11d50a3a" className="ProyectoDePrueba.Triangle_DetectorFeature, ProyectoDePrueba, Version=1.0.0.0, Culture=neutral, PublicKeyToken=null" name="SiLosLadosSonNegativos" />
    </UnitTest>
    <UnitTest name="Prueba_EsTriangulo13" storage="e:\master\pcc - puebas de control y desarrollo\vs2010 - mstest\proyectodepruebadecajanegra\proyectodeprueba\bin\debug\proyectodeprueba.dll" id="48f013ed-83ed-7a03-d949-9633da4c2f1f">
      <Execution id="f1b0427a-5187-47b5-b084-3475f5d56f0a" />
      <TestMethod codeBase="E:/Master/PCC - Puebas de control y desarrollo/VS2010 - MSTest/ProyectoDePruebaDeCajaNegra/ProyectoDePrueba/bin/Debug/ProyectoDePrueba.DLL" adapterTypeName="Microsoft.VisualStudio.TestTools.TestTypes.Unit.UnitTestAdapter, Microsoft.VisualStudio.QualityTools.Tips.UnitTest.Adapter, Version=10.0.0.0, Culture=neutral, PublicKeyToken=b03f5f7f11d50a3a" className="ProyectoDePrueba.Prueba_TriangleDetector, ProyectoDePrueba, Version=1.0.0.0, Culture=neutral, PublicKeyToken=null" name="Prueba_EsTriangulo13" />
    </UnitTest>
    <UnitTest name="Prueba_EsTriangulo6" storage="e:\master\pcc - puebas de control y desarrollo\vs2010 - mstest\proyectodepruebadecajanegra\proyectodeprueba\bin\debug\proyectodeprueba.dll" id="0b92605c-28a2-2e0e-f941-64236c63aa4a">
      <Execution id="a3e322da-8073-4c59-8f04-b891fc103c1a" />
      <TestMethod codeBase="E:/Master/PCC - Puebas de control y desarrollo/VS2010 - MSTest/ProyectoDePruebaDeCajaNegra/ProyectoDePrueba/bin/Debug/ProyectoDePrueba.DLL" adapterTypeName="Microsoft.VisualStudio.TestTools.TestTypes.Unit.UnitTestAdapter, Microsoft.VisualStudio.QualityTools.Tips.UnitTest.Adapter, Version=10.0.0.0, Culture=neutral, PublicKeyToken=b03f5f7f11d50a3a" className="ProyectoDePrueba.Prueba_TriangleDetector, ProyectoDePrueba, Version=1.0.0.0, Culture=neutral, PublicKeyToken=null" name="Prueba_EsTriangulo6" />
    </UnitTest>
    <UnitTest name="SiTerceroLadosSonCero" storage="e:\master\pcc - puebas de control y desarrollo\vs2010 - mstest\proyectodepruebadecajanegra\proyectodeprueba\bin\debug\proyectodeprueba.dll" id="5f42256c-f495-ff50-743c-2d582deb12b3">
      <Description>si tercero lados son cero</Description>
      <Execution id="8d93f0e5-f105-49f1-b042-59b19df3d088" />
      <Properties>
        <Property>
          <Key>FeatureTitle</Key>
          <Value>Triangle_detector</Value>
        </Property>
      </Properties>
      <TestMethod codeBase="E:/Master/PCC - Puebas de control y desarrollo/VS2010 - MSTest/ProyectoDePruebaDeCajaNegra/ProyectoDePrueba/bin/Debug/ProyectoDePrueba.DLL" adapterTypeName="Microsoft.VisualStudio.TestTools.TestTypes.Unit.UnitTestAdapter, Microsoft.VisualStudio.QualityTools.Tips.UnitTest.Adapter, Version=10.0.0.0, Culture=neutral, PublicKeyToken=b03f5f7f11d50a3a" className="ProyectoDePrueba.Triangle_DetectorFeature, ProyectoDePrueba, Version=1.0.0.0, Culture=neutral, PublicKeyToken=null" name="SiTerceroLadosSonCero" />
    </UnitTest>
    <UnitTest name="SiPrimerLadosSonCero" storage="e:\master\pcc - puebas de control y desarrollo\vs2010 - mstest\proyectodepruebadecajanegra\proyectodeprueba\bin\debug\proyectodeprueba.dll" id="5f4098b0-ae70-0c38-73d5-3680aa6f5adc">
      <Description>si primer lados son cero</Description>
      <Execution id="018ac449-b397-4fb2-9cf2-f13620bdbb9d" />
      <Properties>
        <Property>
          <Key>FeatureTitle</Key>
          <Value>Triangle_detector</Value>
        </Property>
      </Properties>
      <TestMethod codeBase="E:/Master/PCC - Puebas de control y desarrollo/VS2010 - MSTest/ProyectoDePruebaDeCajaNegra/ProyectoDePrueba/bin/Debug/ProyectoDePrueba.DLL" adapterTypeName="Microsoft.VisualStudio.TestTools.TestTypes.Unit.UnitTestAdapter, Microsoft.VisualStudio.QualityTools.Tips.UnitTest.Adapter, Version=10.0.0.0, Culture=neutral, PublicKeyToken=b03f5f7f11d50a3a" className="ProyectoDePrueba.Triangle_DetectorFeature, ProyectoDePrueba, Version=1.0.0.0, Culture=neutral, PublicKeyToken=null" name="SiPrimerLadosSonCero" />
    </UnitTest>
    <UnitTest name="SiSegundoLadosSonCero" storage="e:\master\pcc - puebas de control y desarrollo\vs2010 - mstest\proyectodepruebadecajanegra\proyectodeprueba\bin\debug\proyectodeprueba.dll" id="327fdb4f-3500-3bd9-5e88-dcecc48fac8b">
      <Description>si segundo lados son cero</Description>
      <Execution id="e1eb85bb-fcc0-4c60-809d-0d8463e09ceb" />
      <Properties>
        <Property>
          <Key>FeatureTitle</Key>
          <Value>Triangle_detector</Value>
        </Property>
      </Properties>
      <TestMethod codeBase="E:/Master/PCC - Puebas de control y desarrollo/VS2010 - MSTest/ProyectoDePruebaDeCajaNegra/ProyectoDePrueba/bin/Debug/ProyectoDePrueba.DLL" adapterTypeName="Microsoft.VisualStudio.TestTools.TestTypes.Unit.UnitTestAdapter, Microsoft.VisualStudio.QualityTools.Tips.UnitTest.Adapter, Version=10.0.0.0, Culture=neutral, PublicKeyToken=b03f5f7f11d50a3a" className="ProyectoDePrueba.Triangle_DetectorFeature, ProyectoDePrueba, Version=1.0.0.0, Culture=neutral, PublicKeyToken=null" name="SiSegundoLadosSonCero" />
    </UnitTest>
    <UnitTest name="Prueba_EsTriangulo17" storage="e:\master\pcc - puebas de control y desarrollo\vs2010 - mstest\proyectodepruebadecajanegra\proyectodeprueba\bin\debug\proyectodeprueba.dll" id="ccbc53bf-4918-2d9c-deb7-c7d41ee4b9f3">
      <Execution id="3e93945f-ec91-4245-be36-650406409a7b" />
      <TestMethod codeBase="E:/Master/PCC - Puebas de control y desarrollo/VS2010 - MSTest/ProyectoDePruebaDeCajaNegra/ProyectoDePrueba/bin/Debug/ProyectoDePrueba.DLL" adapterTypeName="Microsoft.VisualStudio.TestTools.TestTypes.Unit.UnitTestAdapter, Microsoft.VisualStudio.QualityTools.Tips.UnitTest.Adapter, Version=10.0.0.0, Culture=neutral, PublicKeyToken=b03f5f7f11d50a3a" className="ProyectoDePrueba.Prueba_TriangleDetector, ProyectoDePrueba, Version=1.0.0.0, Culture=neutral, PublicKeyToken=null" name="Prueba_EsTriangulo17" />
    </UnitTest>
  </TestDefinitions>
  <TestLists>
    <TestList name="Resultados que no están en la lista" id="8c84fa94-04c1-424b-9868-57a2d4851a1d" />
    <TestList name="Todos los resultados cargados" id="19431567-8539-422a-85d7-44ee4e166bda" />
  </TestLists>
  <TestEntries>
    <TestEntry testId="079a6416-71d2-4ac9-d1fd-5e030811a3aa" executionId="5237f754-fb07-4bb8-a925-28b837317e50" testListId="8c84fa94-04c1-424b-9868-57a2d4851a1d" />
    <TestEntry testId="0b92605c-28a2-2e0e-f941-64236c63aa4a" executionId="a3e322da-8073-4c59-8f04-b891fc103c1a" testListId="8c84fa94-04c1-424b-9868-57a2d4851a1d" />
    <TestEntry testId="0df197d2-a3f6-3d0b-b86d-a8cf76a266d0" executionId="cb6065aa-d9e7-4bdd-92e0-e99c31584b1f" testListId="8c84fa94-04c1-424b-9868-57a2d4851a1d" />
    <TestEntry testId="0ee955cb-e569-7bbe-d0ca-defed9f3466f" executionId="1adfe443-099f-4b60-94ff-d21c02c21525" testListId="8c84fa94-04c1-424b-9868-57a2d4851a1d" />
    <TestEntry testId="10208aa5-00d8-d3ff-2c98-429f9be55ef4" executionId="561be618-4a6d-4a1e-a5ec-9702476d8109" testListId="8c84fa94-04c1-424b-9868-57a2d4851a1d" />
    <TestEntry testId="10a35410-3079-961b-5083-ed9ef4936f5f" executionId="0d4faf63-0533-44a3-a93a-8ee7422af1a6" testListId="8c84fa94-04c1-424b-9868-57a2d4851a1d" />
    <TestEntry testId="1857a141-fc60-2354-3193-9e8d48781fa3" executionId="fc1c3c36-0bb3-4981-a443-56124956f97e" testListId="8c84fa94-04c1-424b-9868-57a2d4851a1d" />
    <TestEntry testId="2b751b65-8961-5bac-8043-2e6e6adf1404" executionId="3212bad1-64e4-43cd-bdf2-e2490535a4f0" testListId="8c84fa94-04c1-424b-9868-57a2d4851a1d" />
    <TestEntry testId="2eadf1ee-cde2-e639-e9a8-0e1bc8aa5953" executionId="ccf0af88-db7b-4088-9248-e3907939997f" testListId="8c84fa94-04c1-424b-9868-57a2d4851a1d" />
    <TestEntry testId="327fdb4f-3500-3bd9-5e88-dcecc48fac8b" executionId="e1eb85bb-fcc0-4c60-809d-0d8463e09ceb" testListId="8c84fa94-04c1-424b-9868-57a2d4851a1d" />
    <TestEntry testId="48f013ed-83ed-7a03-d949-9633da4c2f1f" executionId="f1b0427a-5187-47b5-b084-3475f5d56f0a" testListId="8c84fa94-04c1-424b-9868-57a2d4851a1d" />
    <TestEntry testId="5f4098b0-ae70-0c38-73d5-3680aa6f5adc" executionId="018ac449-b397-4fb2-9cf2-f13620bdbb9d" testListId="8c84fa94-04c1-424b-9868-57a2d4851a1d" />
    <TestEntry testId="5f42256c-f495-ff50-743c-2d582deb12b3" executionId="8d93f0e5-f105-49f1-b042-59b19df3d088" testListId="8c84fa94-04c1-424b-9868-57a2d4851a1d" />
    <TestEntry testId="60ba6f03-0a08-54f1-e073-09a0aa3d13fe" executionId="14325fcc-41f0-4df5-b0a3-0783b734c167" testListId="8c84fa94-04c1-424b-9868-57a2d4851a1d" />
    <TestEntry testId="7b43bc24-c25d-a421-9bda-93ea43cd1afd" executionId="d7b555e1-67d4-4d1b-a6d9-f1b80bf2fc11" testListId="8c84fa94-04c1-424b-9868-57a2d4851a1d" />
    <TestEntry testId="9ce18471-95b5-e985-01e9-6acec7ef9ef9" executionId="4f7b0c58-9465-4b49-9bb0-18902341ee2d" testListId="8c84fa94-04c1-424b-9868-57a2d4851a1d" />
    <TestEntry testId="a8f72322-0320-9ea7-908f-b82c8f9286d9" executionId="488e2396-154b-4002-bfb8-8723a01a1fdb" testListId="8c84fa94-04c1-424b-9868-57a2d4851a1d" />
    <TestEntry testId="ccbc53bf-4918-2d9c-deb7-c7d41ee4b9f3" executionId="3e93945f-ec91-4245-be36-650406409a7b" testListId="8c84fa94-04c1-424b-9868-57a2d4851a1d" />
    <TestEntry testId="cf23e9dd-309e-92fe-c3c9-c080354d22b2" executionId="7994419d-a947-4d8d-95d2-131b46ed2536" testListId="8c84fa94-04c1-424b-9868-57a2d4851a1d" />
    <TestEntry testId="e4e7bed6-6fff-dd03-b020-b5e5d49795b1" executionId="0c38a1bb-192d-45c7-a896-c669859f939d" testListId="8c84fa94-04c1-424b-9868-57a2d4851a1d" />
    <TestEntry testId="e550d784-9477-315b-5b2a-a50f87ea5b93" executionId="4856cff3-db01-4729-a5ec-0ddffa339549" testListId="8c84fa94-04c1-424b-9868-57a2d4851a1d" />
    <TestEntry testId="e6e26bed-50e2-cd0f-6f38-0db97e23cac4" executionId="c0bca51c-b37f-4914-a187-91f5aaad30e0" testListId="8c84fa94-04c1-424b-9868-57a2d4851a1d" />
    <TestEntry testId="ef832253-a6a5-308d-4448-99447b717871" executionId="9abcdc82-0e92-4be2-876f-f6b17dae5e27" testListId="8c84fa94-04c1-424b-9868-57a2d4851a1d" />
    <TestEntry testId="f57e65be-94e7-0b53-634c-d6035e3fc71c" executionId="db0668c9-306f-411e-81c4-8a9f0658619a" testListId="8c84fa94-04c1-424b-9868-57a2d4851a1d" />
  </TestEntries>
  <Results>
    <UnitTestResult executionId="5237f754-fb07-4bb8-a925-28b837317e50" testId="079a6416-71d2-4ac9-d1fd-5e030811a3aa" testName="SiDosDeSusLadosSonDiferentes" computerName="clL04A-9" duration="00:00:00.0954964" startTime="2013-12-04T11:26:51.6406250+01:00" endTime="2013-12-04T11:26:52.0468750+01:00" testType="13cdc9d9-ddb5-4fa4-a97d-d965ccfc6d4b" outcome="Inconclusive" testListId="8c84fa94-04c1-424b-9868-57a2d4851a1d" relativeResultsDirectory="5237f754-fb07-4bb8-a925-28b837317e50">
      <Output>
        <StdOut>Given tengo  validador de triangulos
-&gt; No matching step definition found for the step. Use the following code to create one:
        [Given(@"tengo  validador de triangulos")]
        public void GivenTengoValidadorDeTriangulos()
        {
            ScenarioContext.Current.Pending();
        }

When Compruebo el tipo de triangulo de lado:1, 2, 2
-&gt; skipped because of previous errors
Then me devuelve el tipo isorceles
-&gt; skipped because of previous errors</StdOut>
        <ErrorInfo>
          <Message>Error de Assert.Inconclusive. No matching step definition found for one or more steps.
using System;
using TechTalk.SpecFlow;

namespace MyNamespace
{
    [Binding]
    public class StepDefinitions
    {
        [Given(@"tengo  validador de triangulos")]
        public void GivenTengoValidadorDeTriangulos()
        {
            ScenarioContext.Current.Pending();
        }
    }
}
</Message>
          <StackTrace>   en lambda_method(Closure , String , Object[] )
   en TechTalk.SpecFlow.UnitTestProvider.MsTestRuntimeProvider.TestInconclusive(String message)
   en TechTalk.SpecFlow.UnitTestProvider.MsTestRuntimeProvider.TestPending(String message)
   en TechTalk.SpecFlow.ErrorHandling.ErrorProvider.ThrowPendingError(TestStatus testStatus, String message)
   en TechTalk.SpecFlow.Infrastructure.TestExecutionEngine.OnAfterLastStep()
   en TechTalk.SpecFlow.TestRunner.CollectScenarioErrors()
   en ProyectoDePrueba.Triangle_DetectorFeature.ScenarioCleanup() en E:\Master\PCC - Puebas de control y desarrollo\VS2010 - MSTest\ProyectoDePruebaDeCajaNegra\ProyectoDePrueba\Triangle_detector.feature.cs:línea 0
   en ProyectoDePrueba.Triangle_DetectorFeature.SiDosDeSusLadosSonDiferentes() en e:\Master\PCC - Puebas de control y desarrollo\VS2010 - MSTest\ProyectoDePruebaDeCajaNegra\ProyectoDePrueba\Triangle_detector.feature:línea 20
</StackTrace>
        </ErrorInfo>
      </Output>
    </UnitTestResult>
    <UnitTestResult executionId="a3e322da-8073-4c59-8f04-b891fc103c1a" testId="0b92605c-28a2-2e0e-f941-64236c63aa4a" testName="Prueba_EsTriangulo6" computerName="clL04A-9" duration="00:00:00.0079331" startTime="2013-12-04T11:26:52.0468750+01:00" endTime="2013-12-04T11:26:52.0625000+01:00" testType="13cdc9d9-ddb5-4fa4-a97d-d965ccfc6d4b" outcome="Passed" testListId="8c84fa94-04c1-424b-9868-57a2d4851a1d" relativeResultsDirectory="a3e322da-8073-4c59-8f04-b891fc103c1a">
    </UnitTestResult>
    <UnitTestResult executionId="cb6065aa-d9e7-4bdd-92e0-e99c31584b1f" testId="0df197d2-a3f6-3d0b-b86d-a8cf76a266d0" testName="SiSoloDosLadosSonNegativos" computerName="clL04A-9" duration="00:00:00.0021259" startTime="2013-12-04T11:26:52.0625000+01:00" endTime="2013-12-04T11:26:52.0625000+01:00" testType="13cdc9d9-ddb5-4fa4-a97d-d965ccfc6d4b" outcome="Inconclusive" testListId="8c84fa94-04c1-424b-9868-57a2d4851a1d" relativeResultsDirectory="cb6065aa-d9e7-4bdd-92e0-e99c31584b1f">
      <Output>
        <StdOut>Given tengo  validador de triangulos
-&gt; No matching step definition found for the step. Use the following code to create one:
        [Given(@"tengo  validador de triangulos")]
        public void GivenTengoValidadorDeTriangulos()
        {
            ScenarioContext.Current.Pending();
        }

When Compruebo el tipo de triangulo de lado:-1, 1, -1
-&gt; skipped because of previous errors
Then me devuelve una excepcion de argumento
-&gt; skipped because of previous errors</StdOut>
        <ErrorInfo>
          <Message>Error de Assert.Inconclusive. No matching step definition found for one or more steps.
using System;
using TechTalk.SpecFlow;

namespace MyNamespace
{
    [Binding]
    public class StepDefinitions
    {
        [Given(@"tengo  validador de triangulos")]
        public void GivenTengoValidadorDeTriangulos()
        {
            ScenarioContext.Current.Pending();
        }
    }
}
</Message>
          <StackTrace>   en lambda_method(Closure , String , Object[] )
   en TechTalk.SpecFlow.UnitTestProvider.MsTestRuntimeProvider.TestInconclusive(String message)
   en TechTalk.SpecFlow.UnitTestProvider.MsTestRuntimeProvider.TestPending(String message)
   en TechTalk.SpecFlow.ErrorHandling.ErrorProvider.ThrowPendingError(TestStatus testStatus, String message)
   en TechTalk.SpecFlow.Infrastructure.TestExecutionEngine.OnAfterLastStep()
   en TechTalk.SpecFlow.TestRunner.CollectScenarioErrors()
   en ProyectoDePrueba.Triangle_DetectorFeature.ScenarioCleanup() en E:\Master\PCC - Puebas de control y desarrollo\VS2010 - MSTest\ProyectoDePruebaDeCajaNegra\ProyectoDePrueba\Triangle_detector.feature.cs:línea 0
   en ProyectoDePrueba.Triangle_DetectorFeature.SiSoloDosLadosSonNegativos() en e:\Master\PCC - Puebas de control y desarrollo\VS2010 - MSTest\ProyectoDePruebaDeCajaNegra\ProyectoDePrueba\Triangle_detector.feature:línea 30
</StackTrace>
        </ErrorInfo>
      </Output>
    </UnitTestResult>
    <UnitTestResult executionId="1adfe443-099f-4b60-94ff-d21c02c21525" testId="0ee955cb-e569-7bbe-d0ca-defed9f3466f" testName="SiDosLadosSonNegativos" computerName="clL04A-9" duration="00:00:00.0038259" startTime="2013-12-04T11:26:52.0781250+01:00" endTime="2013-12-04T11:26:52.0781250+01:00" testType="13cdc9d9-ddb5-4fa4-a97d-d965ccfc6d4b" outcome="Inconclusive" testListId="8c84fa94-04c1-424b-9868-57a2d4851a1d" relativeResultsDirectory="1adfe443-099f-4b60-94ff-d21c02c21525">
      <Output>
        <StdOut>Given tengo  validador de triangulos
-&gt; No matching step definition found for the step. Use the following code to create one:
        [Given(@"tengo  validador de triangulos")]
        public void GivenTengoValidadorDeTriangulos()
        {
            ScenarioContext.Current.Pending();
        }

When Compruebo el tipo de triangulo de lado:1,-1,-1
-&gt; No matching step definition found for the step. Use the following code to create one:
        [When(@"Compruebo el tipo de triangulo de lado:(.*),(.*),(.*)")]
        public void WhenComprueboElTipoDeTrianguloDeLado(int p0, int p1, int p2)
        {
            ScenarioContext.Current.Pending();
        }

Then me devuelve una excepcion de argumento
-&gt; skipped because of previous errors</StdOut>
        <ErrorInfo>
          <Message>Error de Assert.Inconclusive. No matching step definition found for one or more steps.
using System;
using TechTalk.SpecFlow;

namespace MyNamespace
{
    [Binding]
    public class StepDefinitions
    {
        [Given(@"tengo  validador de triangulos")]
        public void GivenTengoValidadorDeTriangulos()
        {
            ScenarioContext.Current.Pending();
        }
        
        [When(@"Compruebo el tipo de triangulo de lado:(.*),(.*),(.*)")]
        public void WhenComprueboElTipoDeTrianguloDeLado(int p0, int p1, int p2)
        {
            ScenarioContext.Current.Pending();
        }
    }
}
</Message>
          <StackTrace>   en lambda_method(Closure , String , Object[] )
   en TechTalk.SpecFlow.UnitTestProvider.MsTestRuntimeProvider.TestInconclusive(String message)
   en TechTalk.SpecFlow.UnitTestProvider.MsTestRuntimeProvider.TestPending(String message)
   en TechTalk.SpecFlow.ErrorHandling.ErrorProvider.ThrowPendingError(TestStatus testStatus, String message)
   en TechTalk.SpecFlow.Infrastructure.TestExecutionEngine.OnAfterLastStep()
   en TechTalk.SpecFlow.TestRunner.CollectScenarioErrors()
   en ProyectoDePrueba.Triangle_DetectorFeature.ScenarioCleanup() en E:\Master\PCC - Puebas de control y desarrollo\VS2010 - MSTest\ProyectoDePruebaDeCajaNegra\ProyectoDePrueba\Triangle_detector.feature.cs:línea 0
   en ProyectoDePrueba.Triangle_DetectorFeature.SiDosLadosSonNegativos() en e:\Master\PCC - Puebas de control y desarrollo\VS2010 - MSTest\ProyectoDePruebaDeCajaNegra\ProyectoDePrueba\Triangle_detector.feature:línea 36
</StackTrace>
        </ErrorInfo>
      </Output>
    </UnitTestResult>
    <UnitTestResult executionId="561be618-4a6d-4a1e-a5ec-9702476d8109" testId="10208aa5-00d8-d3ff-2c98-429f9be55ef4" testName="SiLosLadosSonDiferentes" computerName="clL04A-9" duration="00:00:00.0158788" startTime="2013-12-04T11:26:52.0781250+01:00" endTime="2013-12-04T11:26:52.1093750+01:00" testType="13cdc9d9-ddb5-4fa4-a97d-d965ccfc6d4b" outcome="Passed" testListId="8c84fa94-04c1-424b-9868-57a2d4851a1d" relativeResultsDirectory="561be618-4a6d-4a1e-a5ec-9702476d8109">
      <Output>
        <StdOut>Given tengo validador de triangulos
-&gt; done: Triangle_DetectorSteps.GivenTengoValidadorDeTriangulos() (0,0s)
When Compruebo el tipo de triangulo de lado:1, 2, 3
-&gt; done: Triangle_DetectorSteps.WhenComprueboElTipoDeTrianguloDeLado(1, 2, 3) (0,0s)
Then me devuelve el tipo escaleno
-&gt; done: Triangle_DetectorSteps.ThenMeDevuelveElTipoEscaleno() (0,0s)</StdOut>
      </Output>
    </UnitTestResult>
    <UnitTestResult executionId="0d4faf63-0533-44a3-a93a-8ee7422af1a6" testId="10a35410-3079-961b-5083-ed9ef4936f5f" testName="SiLosLadosSonIguales" computerName="clL04A-9" duration="00:00:00.0008579" startTime="2013-12-04T11:26:52.1093750+01:00" endTime="2013-12-04T11:26:52.1093750+01:00" testType="13cdc9d9-ddb5-4fa4-a97d-d965ccfc6d4b" outcome="Passed" testListId="8c84fa94-04c1-424b-9868-57a2d4851a1d" relativeResultsDirectory="0d4faf63-0533-44a3-a93a-8ee7422af1a6">
      <Output>
        <StdOut>Given tengo validador de triangulos
-&gt; done: Triangle_DetectorSteps.GivenTengoValidadorDeTriangulos() (0,0s)
When Compruebo el tipo de triangulo de lado:1, 1, 1
-&gt; done: Triangle_DetectorSteps.WhenComprueboElTipoDeTrianguloDeLado(1, 1, 1) (0,0s)
Then me devuelve el tipo equilatero
-&gt; done: Triangle_DetectorSteps.ThenMeDevuelveElTipoEquilatero() (0,0s)</StdOut>
      </Output>
    </UnitTestResult>
    <UnitTestResult executionId="fc1c3c36-0bb3-4981-a443-56124956f97e" testId="1857a141-fc60-2354-3193-9e8d48781fa3" testName="Prueba_EsTriangulo5" computerName="clL04A-9" duration="00:00:00.0001944" startTime="2013-12-04T11:26:52.1093750+01:00" endTime="2013-12-04T11:26:52.1093750+01:00" testType="13cdc9d9-ddb5-4fa4-a97d-d965ccfc6d4b" outcome="Passed" testListId="8c84fa94-04c1-424b-9868-57a2d4851a1d" relativeResultsDirectory="fc1c3c36-0bb3-4981-a443-56124956f97e">
    </UnitTestResult>
    <UnitTestResult executionId="3212bad1-64e4-43cd-bdf2-e2490535a4f0" testId="2b751b65-8961-5bac-8043-2e6e6adf1404" testName="Prueba_EsTriangulo16" computerName="clL04A-9" duration="00:00:00.0114855" startTime="2013-12-04T11:26:52.1093750+01:00" endTime="2013-12-04T11:26:52.1250000+01:00" testType="13cdc9d9-ddb5-4fa4-a97d-d965ccfc6d4b" outcome="Failed" testListId="8c84fa94-04c1-424b-9868-57a2d4851a1d" relativeResultsDirectory="3212bad1-64e4-43cd-bdf2-e2490535a4f0">
      <Output>
        <ErrorInfo>
          <Message>El método de prueba ProyectoDePrueba.Prueba_TriangleDetector.Prueba_EsTriangulo16 inició la excepción System.Exception, pero se esperaba la excepción System.ArgumentException. Mensaje de la excepción: System.Exception: No es triangulo</Message>
          <StackTrace>    en TriangleDetector.TriangleValidator.EsTriangulo(Int32 lado1, Int32 lado2, Int32 lado3)
   en ProyectoDePrueba.Prueba_TriangleDetector.Prueba_EsTriangulo16() en E:\Master\PCC - Puebas de control y desarrollo\VS2010 - MSTest\ProyectoDePruebaDeCajaNegra\ProyectoDePrueba\Prueba_TriangleDetector.cs:línea 285
</StackTrace>
        </ErrorInfo>
      </Output>
    </UnitTestResult>
    <UnitTestResult executionId="ccf0af88-db7b-4088-9248-e3907939997f" testId="2eadf1ee-cde2-e639-e9a8-0e1bc8aa5953" testName="Prueba_EsTriangulo18" computerName="clL04A-9" duration="00:00:00.0011761" startTime="2013-12-04T11:26:52.1250000+01:00" endTime="2013-12-04T11:26:52.1406250+01:00" testType="13cdc9d9-ddb5-4fa4-a97d-d965ccfc6d4b" outcome="Failed" testListId="8c84fa94-04c1-424b-9868-57a2d4851a1d" relativeResultsDirectory="ccf0af88-db7b-4088-9248-e3907939997f">
      <Output>
        <ErrorInfo>
          <Message>El método de prueba ProyectoDePrueba.Prueba_TriangleDetector.Prueba_EsTriangulo18 inició la excepción System.Exception, pero se esperaba la excepción System.ArgumentException. Mensaje de la excepción: System.Exception: No es triangulo</Message>
          <StackTrace>    en TriangleDetector.TriangleValidator.EsTriangulo(Int32 lado1, Int32 lado2, Int32 lado3)
   en ProyectoDePrueba.Prueba_TriangleDetector.Prueba_EsTriangulo18() en E:\Master\PCC - Puebas de control y desarrollo\VS2010 - MSTest\ProyectoDePruebaDeCajaNegra\ProyectoDePrueba\Prueba_TriangleDetector.cs:línea 338
</StackTrace>
        </ErrorInfo>
      </Output>
    </UnitTestResult>
    <UnitTestResult executionId="e1eb85bb-fcc0-4c60-809d-0d8463e09ceb" testId="327fdb4f-3500-3bd9-5e88-dcecc48fac8b" testName="SiSegundoLadosSonCero" computerName="clL04A-9" duration="00:00:00.0018994" startTime="2013-12-04T11:26:52.1406250+01:00" endTime="2013-12-04T11:26:52.1406250+01:00" testType="13cdc9d9-ddb5-4fa4-a97d-d965ccfc6d4b" outcome="Inconclusive" testListId="8c84fa94-04c1-424b-9868-57a2d4851a1d" relativeResultsDirectory="e1eb85bb-fcc0-4c60-809d-0d8463e09ceb">
      <Output>
        <StdOut>Given tengo  validador de triangulos
-&gt; No matching step definition found for the step. Use the following code to create one:
        [Given(@"tengo  validador de triangulos")]
        public void GivenTengoValidadorDeTriangulos()
        {
            ScenarioContext.Current.Pending();
        }

When Compruebo el tipo de triangulo de lado:1, 0, 1
-&gt; skipped because of previous errors
Then me devuelve una excepcion de argumento
-&gt; skipped because of previous errors</StdOut>
        <ErrorInfo>
          <Message>Error de Assert.Inconclusive. No matching step definition found for one or more steps.
using System;
using TechTalk.SpecFlow;

namespace MyNamespace
{
    [Binding]
    public class StepDefinitions
    {
        [Given(@"tengo  validador de triangulos")]
        public void GivenTengoValidadorDeTriangulos()
        {
            ScenarioContext.Current.Pending();
        }
    }
}
</Message>
          <StackTrace>   en lambda_method(Closure , String , Object[] )
   en TechTalk.SpecFlow.UnitTestProvider.MsTestRuntimeProvider.TestInconclusive(String message)
   en TechTalk.SpecFlow.UnitTestProvider.MsTestRuntimeProvider.TestPending(String message)
   en TechTalk.SpecFlow.ErrorHandling.ErrorProvider.ThrowPendingError(TestStatus testStatus, String message)
   en TechTalk.SpecFlow.Infrastructure.TestExecutionEngine.OnAfterLastStep()
   en TechTalk.SpecFlow.TestRunner.CollectScenarioErrors()
   en ProyectoDePrueba.Triangle_DetectorFeature.ScenarioCleanup() en E:\Master\PCC - Puebas de control y desarrollo\VS2010 - MSTest\ProyectoDePruebaDeCajaNegra\ProyectoDePrueba\Triangle_detector.feature.cs:línea 0
   en ProyectoDePrueba.Triangle_DetectorFeature.SiSegundoLadosSonCero() en e:\Master\PCC - Puebas de control y desarrollo\VS2010 - MSTest\ProyectoDePruebaDeCajaNegra\ProyectoDePrueba\Triangle_detector.feature:línea 57
</StackTrace>
        </ErrorInfo>
      </Output>
    </UnitTestResult>
    <UnitTestResult executionId="f1b0427a-5187-47b5-b084-3475f5d56f0a" testId="48f013ed-83ed-7a03-d949-9633da4c2f1f" testName="Prueba_EsTriangulo13" computerName="clL04A-9" duration="00:00:00.0010881" startTime="2013-12-04T11:26:52.1562500+01:00" endTime="2013-12-04T11:26:52.1562500+01:00" testType="13cdc9d9-ddb5-4fa4-a97d-d965ccfc6d4b" outcome="Failed" testListId="8c84fa94-04c1-424b-9868-57a2d4851a1d" relativeResultsDirectory="f1b0427a-5187-47b5-b084-3475f5d56f0a">
      <Output>
        <ErrorInfo>
          <Message>El método de prueba ProyectoDePrueba.Prueba_TriangleDetector.Prueba_EsTriangulo13 inició la excepción System.Exception, pero se esperaba la excepción System.ArgumentException. Mensaje de la excepción: System.Exception: No es triangulo</Message>
          <StackTrace>    en TriangleDetector.TriangleValidator.EsTriangulo(Int32 lado1, Int32 lado2, Int32 lado3)
   en ProyectoDePrueba.Prueba_TriangleDetector.Prueba_EsTriangulo13() en E:\Master\PCC - Puebas de control y desarrollo\VS2010 - MSTest\ProyectoDePruebaDeCajaNegra\ProyectoDePrueba\Prueba_TriangleDetector.cs:línea 207
</StackTrace>
        </ErrorInfo>
      </Output>
    </UnitTestResult>
    <UnitTestResult executionId="018ac449-b397-4fb2-9cf2-f13620bdbb9d" testId="5f4098b0-ae70-0c38-73d5-3680aa6f5adc" testName="SiPrimerLadosSonCero" computerName="clL04A-9" duration="00:00:00.0021678" startTime="2013-12-04T11:26:52.1562500+01:00" endTime="2013-12-04T11:26:52.1562500+01:00" testType="13cdc9d9-ddb5-4fa4-a97d-d965ccfc6d4b" outcome="Inconclusive" testListId="8c84fa94-04c1-424b-9868-57a2d4851a1d" relativeResultsDirectory="018ac449-b397-4fb2-9cf2-f13620bdbb9d">
      <Output>
        <StdOut>Given tengo  validador de triangulos
-&gt; No matching step definition found for the step. Use the following code to create one:
        [Given(@"tengo  validador de triangulos")]
        public void GivenTengoValidadorDeTriangulos()
        {
            ScenarioContext.Current.Pending();
        }

When Compruebo el tipo de triangulo de lado:0, 1, 1
-&gt; skipped because of previous errors
Then me devuelve una excepcion de argumento
-&gt; skipped because of previous errors</StdOut>
        <ErrorInfo>
          <Message>Error de Assert.Inconclusive. No matching step definition found for one or more steps.
using System;
using TechTalk.SpecFlow;

namespace MyNamespace
{
    [Binding]
    public class StepDefinitions
    {
        [Given(@"tengo  validador de triangulos")]
        public void GivenTengoValidadorDeTriangulos()
        {
            ScenarioContext.Current.Pending();
        }
    }
}
</Message>
          <StackTrace>   en lambda_method(Closure , String , Object[] )
   en TechTalk.SpecFlow.UnitTestProvider.MsTestRuntimeProvider.TestInconclusive(String message)
   en TechTalk.SpecFlow.UnitTestProvider.MsTestRuntimeProvider.TestPending(String message)
   en TechTalk.SpecFlow.ErrorHandling.ErrorProvider.ThrowPendingError(TestStatus testStatus, String message)
   en TechTalk.SpecFlow.Infrastructure.TestExecutionEngine.OnAfterLastStep()
   en TechTalk.SpecFlow.TestRunner.CollectScenarioErrors()
   en ProyectoDePrueba.Triangle_DetectorFeature.ScenarioCleanup() en E:\Master\PCC - Puebas de control y desarrollo\VS2010 - MSTest\ProyectoDePruebaDeCajaNegra\ProyectoDePrueba\Triangle_detector.feature.cs:línea 0
   en ProyectoDePrueba.Triangle_DetectorFeature.SiPrimerLadosSonCero() en e:\Master\PCC - Puebas de control y desarrollo\VS2010 - MSTest\ProyectoDePruebaDeCajaNegra\ProyectoDePrueba\Triangle_detector.feature:línea 52
</StackTrace>
        </ErrorInfo>
      </Output>
    </UnitTestResult>
    <UnitTestResult executionId="8d93f0e5-f105-49f1-b042-59b19df3d088" testId="5f42256c-f495-ff50-743c-2d582deb12b3" testName="SiTerceroLadosSonCero" computerName="clL04A-9" duration="00:00:00.0018164" startTime="2013-12-04T11:26:52.1718750+01:00" endTime="2013-12-04T11:26:52.1718750+01:00" testType="13cdc9d9-ddb5-4fa4-a97d-d965ccfc6d4b" outcome="Inconclusive" testListId="8c84fa94-04c1-424b-9868-57a2d4851a1d" relativeResultsDirectory="8d93f0e5-f105-49f1-b042-59b19df3d088">
      <Output>
        <StdOut>Given tengo  validador de triangulos
-&gt; No matching step definition found for the step. Use the following code to create one:
        [Given(@"tengo  validador de triangulos")]
        public void GivenTengoValidadorDeTriangulos()
        {
            ScenarioContext.Current.Pending();
        }

When Compruebo el tipo de triangulo de lado:1, 1, 0
-&gt; skipped because of previous errors
Then me devuelve una excepcion de argumento
-&gt; skipped because of previous errors</StdOut>
        <ErrorInfo>
          <Message>Error de Assert.Inconclusive. No matching step definition found for one or more steps.
using System;
using TechTalk.SpecFlow;

namespace MyNamespace
{
    [Binding]
    public class StepDefinitions
    {
        [Given(@"tengo  validador de triangulos")]
        public void GivenTengoValidadorDeTriangulos()
        {
            ScenarioContext.Current.Pending();
        }
    }
}
</Message>
          <StackTrace>   en lambda_method(Closure , String , Object[] )
   en TechTalk.SpecFlow.UnitTestProvider.MsTestRuntimeProvider.TestInconclusive(String message)
   en TechTalk.SpecFlow.UnitTestProvider.MsTestRuntimeProvider.TestPending(String message)
   en TechTalk.SpecFlow.ErrorHandling.ErrorProvider.ThrowPendingError(TestStatus testStatus, String message)
   en TechTalk.SpecFlow.Infrastructure.TestExecutionEngine.OnAfterLastStep()
   en TechTalk.SpecFlow.TestRunner.CollectScenarioErrors()
   en ProyectoDePrueba.Triangle_DetectorFeature.ScenarioCleanup() en E:\Master\PCC - Puebas de control y desarrollo\VS2010 - MSTest\ProyectoDePruebaDeCajaNegra\ProyectoDePrueba\Triangle_detector.feature.cs:línea 0
   en ProyectoDePrueba.Triangle_DetectorFeature.SiTerceroLadosSonCero() en e:\Master\PCC - Puebas de control y desarrollo\VS2010 - MSTest\ProyectoDePruebaDeCajaNegra\ProyectoDePrueba\Triangle_detector.feature:línea 62
</StackTrace>
        </ErrorInfo>
      </Output>
    </UnitTestResult>
    <UnitTestResult executionId="14325fcc-41f0-4df5-b0a3-0783b734c167" testId="60ba6f03-0a08-54f1-e073-09a0aa3d13fe" testName="SiLosLadosSonCero" computerName="clL04A-9" duration="00:00:00.0019111" startTime="2013-12-04T11:26:52.1718750+01:00" endTime="2013-12-04T11:26:52.1718750+01:00" testType="13cdc9d9-ddb5-4fa4-a97d-d965ccfc6d4b" outcome="Inconclusive" testListId="8c84fa94-04c1-424b-9868-57a2d4851a1d" relativeResultsDirectory="14325fcc-41f0-4df5-b0a3-0783b734c167">
      <Output>
        <StdOut>Given tengo  validador de triangulos
-&gt; No matching step definition found for the step. Use the following code to create one:
        [Given(@"tengo  validador de triangulos")]
        public void GivenTengoValidadorDeTriangulos()
        {
            ScenarioContext.Current.Pending();
        }

When Compruebo el tipo de triangulo de lado:0, 0, 0
-&gt; skipped because of previous errors
Then me devuelve una excepcion de argumento
-&gt; skipped because of previous errors</StdOut>
        <ErrorInfo>
          <Message>Error de Assert.Inconclusive. No matching step definition found for one or more steps.
using System;
using TechTalk.SpecFlow;

namespace MyNamespace
{
    [Binding]
    public class StepDefinitions
    {
        [Given(@"tengo  validador de triangulos")]
        public void GivenTengoValidadorDeTriangulos()
        {
            ScenarioContext.Current.Pending();
        }
    }
}
</Message>
          <StackTrace>   en lambda_method(Closure , String , Object[] )
   en TechTalk.SpecFlow.UnitTestProvider.MsTestRuntimeProvider.TestInconclusive(String message)
   en TechTalk.SpecFlow.UnitTestProvider.MsTestRuntimeProvider.TestPending(String message)
   en TechTalk.SpecFlow.ErrorHandling.ErrorProvider.ThrowPendingError(TestStatus testStatus, String message)
   en TechTalk.SpecFlow.Infrastructure.TestExecutionEngine.OnAfterLastStep()
   en TechTalk.SpecFlow.TestRunner.CollectScenarioErrors()
   en ProyectoDePrueba.Triangle_DetectorFeature.ScenarioCleanup() en E:\Master\PCC - Puebas de control y desarrollo\VS2010 - MSTest\ProyectoDePruebaDeCajaNegra\ProyectoDePrueba\Triangle_detector.feature.cs:línea 0
   en ProyectoDePrueba.Triangle_DetectorFeature.SiLosLadosSonCero() en e:\Master\PCC - Puebas de control y desarrollo\VS2010 - MSTest\ProyectoDePruebaDeCajaNegra\ProyectoDePrueba\Triangle_detector.feature:línea 47
</StackTrace>
        </ErrorInfo>
      </Output>
    </UnitTestResult>
    <UnitTestResult executionId="d7b555e1-67d4-4d1b-a6d9-f1b80bf2fc11" testId="7b43bc24-c25d-a421-9bda-93ea43cd1afd" testName="Prueba_EsTriangulo10" computerName="clL04A-9" duration="00:00:00.0012079" startTime="2013-12-04T11:26:52.1875000+01:00" endTime="2013-12-04T11:26:52.1875000+01:00" testType="13cdc9d9-ddb5-4fa4-a97d-d965ccfc6d4b" outcome="Failed" testListId="8c84fa94-04c1-424b-9868-57a2d4851a1d" relativeResultsDirectory="d7b555e1-67d4-4d1b-a6d9-f1b80bf2fc11">
      <Output>
        <ErrorInfo>
          <Message>El método de prueba ProyectoDePrueba.Prueba_TriangleDetector.Prueba_EsTriangulo10 inició la excepción System.Exception, pero se esperaba la excepción System.ArgumentException. Mensaje de la excepción: System.Exception: No es triangulo</Message>
          <StackTrace>    en TriangleDetector.TriangleValidator.EsTriangulo(Int32 lado1, Int32 lado2, Int32 lado3)
   en ProyectoDePrueba.Prueba_TriangleDetector.Prueba_EsTriangulo10() en E:\Master\PCC - Puebas de control y desarrollo\VS2010 - MSTest\ProyectoDePruebaDeCajaNegra\ProyectoDePrueba\Prueba_TriangleDetector.cs:línea 127
</StackTrace>
        </ErrorInfo>
      </Output>
    </UnitTestResult>
    <UnitTestResult executionId="4f7b0c58-9465-4b49-9bb0-18902341ee2d" testId="9ce18471-95b5-e985-01e9-6acec7ef9ef9" testName="LadosInconclusos" computerName="clL04A-9" duration="00:00:00.0018097" startTime="2013-12-04T11:26:52.1875000+01:00" endTime="2013-12-04T11:26:52.1875000+01:00" testType="13cdc9d9-ddb5-4fa4-a97d-d965ccfc6d4b" outcome="Inconclusive" testListId="8c84fa94-04c1-424b-9868-57a2d4851a1d" relativeResultsDirectory="4f7b0c58-9465-4b49-9bb0-18902341ee2d">
      <Output>
        <StdOut>Given tengo  validador de triangulos
-&gt; No matching step definition found for the step. Use the following code to create one:
        [Given(@"tengo  validador de triangulos")]
        public void GivenTengoValidadorDeTriangulos()
        {
            ScenarioContext.Current.Pending();
        }

When Compruebo el tipo de triangulo de lado:7, 1, 2
-&gt; skipped because of previous errors
Then me devuelve una excepcion de argumento
-&gt; skipped because of previous errors</StdOut>
        <ErrorInfo>
          <Message>Error de Assert.Inconclusive. No matching step definition found for one or more steps.
using System;
using TechTalk.SpecFlow;

namespace MyNamespace
{
    [Binding]
    public class StepDefinitions
    {
        [Given(@"tengo  validador de triangulos")]
        public void GivenTengoValidadorDeTriangulos()
        {
            ScenarioContext.Current.Pending();
        }
    }
}
</Message>
          <StackTrace>   en lambda_method(Closure , String , Object[] )
   en TechTalk.SpecFlow.UnitTestProvider.MsTestRuntimeProvider.TestInconclusive(String message)
   en TechTalk.SpecFlow.UnitTestProvider.MsTestRuntimeProvider.TestPending(String message)
   en TechTalk.SpecFlow.ErrorHandling.ErrorProvider.ThrowPendingError(TestStatus testStatus, String message)
   en TechTalk.SpecFlow.Infrastructure.TestExecutionEngine.OnAfterLastStep()
   en TechTalk.SpecFlow.TestRunner.CollectScenarioErrors()
   en ProyectoDePrueba.Triangle_DetectorFeature.ScenarioCleanup() en E:\Master\PCC - Puebas de control y desarrollo\VS2010 - MSTest\ProyectoDePruebaDeCajaNegra\ProyectoDePrueba\Triangle_detector.feature.cs:línea 0
   en ProyectoDePrueba.Triangle_DetectorFeature.LadosInconclusos() en e:\Master\PCC - Puebas de control y desarrollo\VS2010 - MSTest\ProyectoDePruebaDeCajaNegra\ProyectoDePrueba\Triangle_detector.feature:línea 67
</StackTrace>
        </ErrorInfo>
      </Output>
    </UnitTestResult>
    <UnitTestResult executionId="488e2396-154b-4002-bfb8-8723a01a1fdb" testId="a8f72322-0320-9ea7-908f-b82c8f9286d9" testName="SiTenemosDosLadosSonNegativos" computerName="clL04A-9" duration="00:00:00.0018119" startTime="2013-12-04T11:26:52.2031250+01:00" endTime="2013-12-04T11:26:52.2031250+01:00" testType="13cdc9d9-ddb5-4fa4-a97d-d965ccfc6d4b" outcome="Inconclusive" testListId="8c84fa94-04c1-424b-9868-57a2d4851a1d" relativeResultsDirectory="488e2396-154b-4002-bfb8-8723a01a1fdb">
      <Output>
        <StdOut>Given tengo  validador de triangulos
-&gt; No matching step definition found for the step. Use the following code to create one:
        [Given(@"tengo  validador de triangulos")]
        public void GivenTengoValidadorDeTriangulos()
        {
            ScenarioContext.Current.Pending();
        }

When Compruebo el tipo de triangulo de lado:-1, -1, 1
-&gt; skipped because of previous errors
Then me devuelve una excepcion de argumento
-&gt; skipped because of previous errors</StdOut>
        <ErrorInfo>
          <Message>Error de Assert.Inconclusive. No matching step definition found for one or more steps.
using System;
using TechTalk.SpecFlow;

namespace MyNamespace
{
    [Binding]
    public class StepDefinitions
    {
        [Given(@"tengo  validador de triangulos")]
        public void GivenTengoValidadorDeTriangulos()
        {
            ScenarioContext.Current.Pending();
        }
    }
}
</Message>
          <StackTrace>   en lambda_method(Closure , String , Object[] )
   en TechTalk.SpecFlow.UnitTestProvider.MsTestRuntimeProvider.TestInconclusive(String message)
   en TechTalk.SpecFlow.UnitTestProvider.MsTestRuntimeProvider.TestPending(String message)
   en TechTalk.SpecFlow.ErrorHandling.ErrorProvider.ThrowPendingError(TestStatus testStatus, String message)
   en TechTalk.SpecFlow.Infrastructure.TestExecutionEngine.OnAfterLastStep()
   en TechTalk.SpecFlow.TestRunner.CollectScenarioErrors()
   en ProyectoDePrueba.Triangle_DetectorFeature.ScenarioCleanup() en E:\Master\PCC - Puebas de control y desarrollo\VS2010 - MSTest\ProyectoDePruebaDeCajaNegra\ProyectoDePrueba\Triangle_detector.feature.cs:línea 0
   en ProyectoDePrueba.Triangle_DetectorFeature.SiTenemosDosLadosSonNegativos() en e:\Master\PCC - Puebas de control y desarrollo\VS2010 - MSTest\ProyectoDePruebaDeCajaNegra\ProyectoDePrueba\Triangle_detector.feature:línea 41
</StackTrace>
        </ErrorInfo>
      </Output>
    </UnitTestResult>
    <UnitTestResult executionId="3e93945f-ec91-4245-be36-650406409a7b" testId="ccbc53bf-4918-2d9c-deb7-c7d41ee4b9f3" testName="Prueba_EsTriangulo17" computerName="clL04A-9" duration="00:00:00.0014272" startTime="2013-12-04T11:26:52.2031250+01:00" endTime="2013-12-04T11:26:52.2031250+01:00" testType="13cdc9d9-ddb5-4fa4-a97d-d965ccfc6d4b" outcome="Failed" testListId="8c84fa94-04c1-424b-9868-57a2d4851a1d" relativeResultsDirectory="3e93945f-ec91-4245-be36-650406409a7b">
      <Output>
        <ErrorInfo>
          <Message>El método de prueba ProyectoDePrueba.Prueba_TriangleDetector.Prueba_EsTriangulo17 inició la excepción System.Exception, pero se esperaba la excepción System.ArgumentException. Mensaje de la excepción: System.Exception: No es triangulo</Message>
          <StackTrace>    en TriangleDetector.TriangleValidator.EsTriangulo(Int32 lado1, Int32 lado2, Int32 lado3)
   en ProyectoDePrueba.Prueba_TriangleDetector.Prueba_EsTriangulo17() en E:\Master\PCC - Puebas de control y desarrollo\VS2010 - MSTest\ProyectoDePruebaDeCajaNegra\ProyectoDePrueba\Prueba_TriangleDetector.cs:línea 311
</StackTrace>
        </ErrorInfo>
      </Output>
    </UnitTestResult>
    <UnitTestResult executionId="7994419d-a947-4d8d-95d2-131b46ed2536" testId="cf23e9dd-309e-92fe-c3c9-c080354d22b2" testName="Prueba_EsTriangulo4" computerName="clL04A-9" duration="00:00:00.0002036" startTime="2013-12-04T11:26:52.2187500+01:00" endTime="2013-12-04T11:26:52.2187500+01:00" testType="13cdc9d9-ddb5-4fa4-a97d-d965ccfc6d4b" outcome="Passed" testListId="8c84fa94-04c1-424b-9868-57a2d4851a1d" relativeResultsDirectory="7994419d-a947-4d8d-95d2-131b46ed2536">
    </UnitTestResult>
    <UnitTestResult executionId="0c38a1bb-192d-45c7-a896-c669859f939d" testId="e4e7bed6-6fff-dd03-b020-b5e5d49795b1" testName="SiLosLadosSonNegativos" computerName="clL04A-9" duration="00:00:00.0050833" startTime="2013-12-04T11:26:52.2187500+01:00" endTime="2013-12-04T11:26:52.2343750+01:00" testType="13cdc9d9-ddb5-4fa4-a97d-d965ccfc6d4b" outcome="Failed" testListId="8c84fa94-04c1-424b-9868-57a2d4851a1d" relativeResultsDirectory="0c38a1bb-192d-45c7-a896-c669859f939d">
      <Output>
        <StdOut>Given tengo validador de triangulos
-&gt; done: Triangle_DetectorSteps.GivenTengoValidadorDeTriangulos() (0,0s)
When Compruebo el tipo de triangulo de lado:-1, -1, -1
-&gt; done: Triangle_DetectorSteps.WhenComprueboElTipoDeTrianguloDeLado(-1, -1, -1) (0,0s)
Then me devuelve una excepcion de argumento
-&gt; error: La clave proporcionada no se encontró en el diccionario.</StdOut>
        <ErrorInfo>
          <Message>El método de prueba ProyectoDePrueba.Triangle_DetectorFeature.SiLosLadosSonNegativos produjo la excepción: 
System.Collections.Generic.KeyNotFoundException: La clave proporcionada no se encontró en el diccionario.</Message>
          <StackTrace>    en System.Collections.Generic.Dictionary`2.get_Item(TKey key)
   en ProyectoDePrueba.Triangle_DetectorSteps.ThenMeDevuelveUnaExcepcionDeArgumento() en E:\Master\PCC - Puebas de control y desarrollo\VS2010 - MSTest\ProyectoDePruebaDeCajaNegra\ProyectoDePrueba\Triangle_DetectorSteps.cs:línea 57
   en lambda_method(Closure , IContextManager )
   en TechTalk.SpecFlow.Bindings.BindingInvoker.InvokeBinding(IBinding binding, IContextManager contextManager, Object[] arguments, ITestTracer testTracer, TimeSpan&amp; duration)
   en TechTalk.SpecFlow.Infrastructure.TestExecutionEngine.ExecuteStepMatch(BindingMatch match, Object[] arguments)
   en TechTalk.SpecFlow.Infrastructure.TestExecutionEngine.ExecuteStep(StepInstance stepInstance)
   en TechTalk.SpecFlow.Infrastructure.TestExecutionEngine.OnAfterLastStep()
   en TechTalk.SpecFlow.TestRunner.CollectScenarioErrors()
   en ProyectoDePrueba.Triangle_DetectorFeature.ScenarioCleanup() en E:\Master\PCC - Puebas de control y desarrollo\VS2010 - MSTest\ProyectoDePruebaDeCajaNegra\ProyectoDePrueba\Triangle_detector.feature.cs:línea 0
   en ProyectoDePrueba.Triangle_DetectorFeature.SiLosLadosSonNegativos() en e:\Master\PCC - Puebas de control y desarrollo\VS2010 - MSTest\ProyectoDePruebaDeCajaNegra\ProyectoDePrueba\Triangle_detector.feature:línea 25
</StackTrace>
        </ErrorInfo>
      </Output>
    </UnitTestResult>
    <UnitTestResult executionId="4856cff3-db01-4729-a5ec-0ddffa339549" testId="e550d784-9477-315b-5b2a-a50f87ea5b93" testName="Prueba_EsTriangulo11" computerName="clL04A-9" duration="00:00:00.0008241" startTime="2013-12-04T11:26:52.2343750+01:00" endTime="2013-12-04T11:26:52.2343750+01:00" testType="13cdc9d9-ddb5-4fa4-a97d-d965ccfc6d4b" outcome="Failed" testListId="8c84fa94-04c1-424b-9868-57a2d4851a1d" relativeResultsDirectory="4856cff3-db01-4729-a5ec-0ddffa339549">
      <Output>
        <ErrorInfo>
          <Message>El método de prueba ProyectoDePrueba.Prueba_TriangleDetector.Prueba_EsTriangulo11 no inició la excepción esperada System.ArgumentException.</Message>
        </ErrorInfo>
      </Output>
    </UnitTestResult>
    <UnitTestResult executionId="c0bca51c-b37f-4914-a187-91f5aaad30e0" testId="e6e26bed-50e2-cd0f-6f38-0db97e23cac4" testName="Prueba_EsTriangulo12" computerName="clL04A-9" duration="00:00:00.0010984" startTime="2013-12-04T11:26:52.2343750+01:00" endTime="2013-12-04T11:26:52.2343750+01:00" testType="13cdc9d9-ddb5-4fa4-a97d-d965ccfc6d4b" outcome="Failed" testListId="8c84fa94-04c1-424b-9868-57a2d4851a1d" relativeResultsDirectory="c0bca51c-b37f-4914-a187-91f5aaad30e0">
      <Output>
        <ErrorInfo>
          <Message>El método de prueba ProyectoDePrueba.Prueba_TriangleDetector.Prueba_EsTriangulo12 inició la excepción System.Exception, pero se esperaba la excepción System.ArgumentException. Mensaje de la excepción: System.Exception: No es triangulo</Message>
          <StackTrace>    en TriangleDetector.TriangleValidator.EsTriangulo(Int32 lado1, Int32 lado2, Int32 lado3)
   en ProyectoDePrueba.Prueba_TriangleDetector.Prueba_EsTriangulo12() en E:\Master\PCC - Puebas de control y desarrollo\VS2010 - MSTest\ProyectoDePruebaDeCajaNegra\ProyectoDePrueba\Prueba_TriangleDetector.cs:línea 181
</StackTrace>
        </ErrorInfo>
      </Output>
    </UnitTestResult>
    <UnitTestResult executionId="9abcdc82-0e92-4be2-876f-f6b17dae5e27" testId="ef832253-a6a5-308d-4448-99447b717871" testName="Prueba_EsTriangulo14" computerName="clL04A-9" duration="00:00:00.0011054" startTime="2013-12-04T11:26:52.2500000+01:00" endTime="2013-12-04T11:26:52.2500000+01:00" testType="13cdc9d9-ddb5-4fa4-a97d-d965ccfc6d4b" outcome="Failed" testListId="8c84fa94-04c1-424b-9868-57a2d4851a1d" relativeResultsDirectory="9abcdc82-0e92-4be2-876f-f6b17dae5e27">
      <Output>
        <ErrorInfo>
          <Message>El método de prueba ProyectoDePrueba.Prueba_TriangleDetector.Prueba_EsTriangulo14 inició la excepción System.Exception, pero se esperaba la excepción System.ArgumentException. Mensaje de la excepción: System.Exception: No es triangulo</Message>
          <StackTrace>    en TriangleDetector.TriangleValidator.EsTriangulo(Int32 lado1, Int32 lado2, Int32 lado3)
   en ProyectoDePrueba.Prueba_TriangleDetector.Prueba_EsTriangulo14() en E:\Master\PCC - Puebas de control y desarrollo\VS2010 - MSTest\ProyectoDePruebaDeCajaNegra\ProyectoDePrueba\Prueba_TriangleDetector.cs:línea 233
</StackTrace>
        </ErrorInfo>
      </Output>
    </UnitTestResult>
    <UnitTestResult executionId="db0668c9-306f-411e-81c4-8a9f0658619a" testId="f57e65be-94e7-0b53-634c-d6035e3fc71c" testName="Prueba_EsTriangulo15" computerName="clL04A-9" duration="00:00:00.0011132" startTime="2013-12-04T11:26:52.2500000+01:00" endTime="2013-12-04T11:26:52.2500000+01:00" testType="13cdc9d9-ddb5-4fa4-a97d-d965ccfc6d4b" outcome="Failed" testListId="8c84fa94-04c1-424b-9868-57a2d4851a1d" relativeResultsDirectory="db0668c9-306f-411e-81c4-8a9f0658619a">
      <Output>
        <ErrorInfo>
          <Message>El método de prueba ProyectoDePrueba.Prueba_TriangleDetector.Prueba_EsTriangulo15 inició la excepción System.Exception, pero se esperaba la excepción System.ArgumentException. Mensaje de la excepción: System.Exception: No es triangulo</Message>
          <StackTrace>    en TriangleDetector.TriangleValidator.EsTriangulo(Int32 lado1, Int32 lado2, Int32 lado3)
   en ProyectoDePrueba.Prueba_TriangleDetector.Prueba_EsTriangulo15() en E:\Master\PCC - Puebas de control y desarrollo\VS2010 - MSTest\ProyectoDePruebaDeCajaNegra\ProyectoDePrueba\Prueba_TriangleDetector.cs:línea 259
</StackTrace>
        </ErrorInfo>
      </Output>
    </UnitTestResult>
  </Results>
</TestRun>